# -*-compilation-*-
Elaborazione di «C:/Users/gabri/OneDrive/Documenti/GitHub/BN_Musica_Elettronica/IBN/COME-02-composizione-IBN/Trascrizioni-LilyPond/12-/12-16.ly»
Analisi...
C:/Users/gabri/OneDrive/Documenti/GitHub/BN_Musica_Elettronica/IBN/COME-02-composizione-IBN/Trascrizioni-LilyPond/12-/12-16.ly:31:41: errore: i segni di ottava devono precedere la durata
\relative c {\time 3/8 r4. r4. r8. fis16
                                        ' r8 r4. r16 <d d'>8.:128 r8
Interpretazione della musica...
C:/Users/gabri/OneDrive/Documenti/GitHub/BN_Musica_Elettronica/IBN/COME-02-composizione-IBN/Trascrizioni-LilyPond/12-/12-16.ly:35:120: attenzione: conflitto con evento: «absolute-dynamic-event»
\relative c {\time 3/8 r8 r8 <ges ees'>16 \pp r16 r8 r8. <bes a'>16 \p r8. g'16 \mf r8 r8. <d cis'>16 \p r8 r16 d8.:64 
                                                                                                                       \sfz \p  r8
C:/Users/gabri/OneDrive/Documenti/GitHub/BN_Musica_Elettronica/IBN/COME-02-composizione-IBN/Trascrizioni-LilyPond/12-/12-16.ly:35:125: attenzione: si scarta l'evento: «absolute-dynamic-event»
\relative c {\time 3/8 r8 r8 <ges ees'>16 \pp r16 r8 r8. <bes a'>16 \p r8. g'16 \mf r8 r8. <d cis'>16 \p r8 r16 d8.:64 \sfz 
                                                                                                                            \p  r8
Pre-elaborazione degli oggetti grafici...
Interpretazione della musica...
C:/Users/gabri/OneDrive/Documenti/GitHub/BN_Musica_Elettronica/IBN/COME-02-composizione-IBN/Trascrizioni-LilyPond/12-/12-16.ly:35:120: attenzione: conflitto con evento: «absolute-dynamic-event»
\relative c {\time 3/8 r8 r8 <ges ees'>16 \pp r16 r8 r8. <bes a'>16 \p r8. g'16 \mf r8 r8. <d cis'>16 \p r8 r16 d8.:64 
                                                                                                                       \sfz \p  r8
C:/Users/gabri/OneDrive/Documenti/GitHub/BN_Musica_Elettronica/IBN/COME-02-composizione-IBN/Trascrizioni-LilyPond/12-/12-16.ly:35:125: attenzione: si scarta l'evento: «absolute-dynamic-event»
\relative c {\time 3/8 r8 r8 <ges ees'>16 \pp r16 r8 r8. <bes a'>16 \p r8. g'16 \mf r8 r8. <d cis'>16 \p r8 r16 d8.:64 \sfz 
                                                                                                                            \p  r8
L'output MIDI è inviato a «/Users/gabri/OneDrive/Documenti/GitHub/BN_Musica_Elettronica/IBN/COME-02-composizione-IBN/Trascrizioni-LilyPond/12-/12-16.mid»...
Determinazione del numero ottimale di pagine...
Compressione della musica in una pagina...
Disegno dei sistemi...
Conversione a «/Users/gabri/OneDrive/Documenti/GitHub/BN_Musica_Elettronica/IBN/COME-02-composizione-IBN/Trascrizioni-LilyPond/12-/12-16.pdf»...
errore fatale: errore nei file: "C:\\Users\\gabri\\OneDrive\\Documenti\\GitHub\\BN_Musica_Elettronica\\IBN\\COME-02-composizione-IBN\\Trascrizioni-LilyPond\\12-\\12-16.ly"
