# -*-compilation-*-
Elaborazione di «C:/Users/gabri/OneDrive/Documenti/GitHub/BN_Musica_Elettronica/IBN/COME-02-composizione-IBN/Trascrizioni-LilyPond/1-3/1-3.ly»
Analisi...
C:/Users/gabri/OneDrive/Documenti/GitHub/BN_Musica_Elettronica/IBN/COME-02-composizione-IBN/Trascrizioni-LilyPond/1-3/1-3.ly:32:40: attenzione: Sconnesso SlurEvent
\relative d { \discant "121" \time 5/4 
                                       (d\p\< d' d' d' 
C:/Users/gabri/OneDrive/Documenti/GitHub/BN_Musica_Elettronica/IBN/COME-02-composizione-IBN/Trascrizioni-LilyPond/1-3/1-3.ly:39:31: errore: i segni di ottava devono precedere la durata
\relative d { \time 5/4 d2 d2.
                              ,~ d1 d4's1 \fermata s4
C:/Users/gabri/OneDrive/Documenti/GitHub/BN_Musica_Elettronica/IBN/COME-02-composizione-IBN/Trascrizioni-LilyPond/1-3/1-3.ly:39:39: errore: i segni di ottava devono precedere la durata
\relative d { \time 5/4 d2 d2.,~ d1 d4
                                      's1 \fermata s4
Interpretazione della musica...
Pre-elaborazione degli oggetti grafici...
Interpretazione della musica...
L'output MIDI è inviato a «/Users/gabri/OneDrive/Documenti/GitHub/BN_Musica_Elettronica/IBN/COME-02-composizione-IBN/Trascrizioni-LilyPond/1-3/1-3.mid»...
Determinazione del numero ottimale di pagine...
Compressione della musica in una pagina...
Disegno dei sistemi...
Conversione a «/Users/gabri/OneDrive/Documenti/GitHub/BN_Musica_Elettronica/IBN/COME-02-composizione-IBN/Trascrizioni-LilyPond/1-3/1-3.pdf»...
errore fatale: errore nei file: "C:\\Users\\gabri\\OneDrive\\Documenti\\GitHub\\BN_Musica_Elettronica\\IBN\\COME-02-composizione-IBN\\Trascrizioni-LilyPond\\1-3\\1-3.ly"
